<?xml version="1.0" encoding="UTF-8"?>
<testsuite xmlns:xsi="http://www.w3.org/2001/XMLSchema-instance" xsi:noNamespaceSchemaLocation="https://maven.apache.org/surefire/maven-surefire-plugin/xsd/surefire-test-report-3.0.xsd" version="3.0" name="runner.Runner" time="69.262" tests="1" errors="0" skipped="0" failures="0">
  <properties>
[...]
</properties>
  <testcase name="Customer can be Looked a car with successfully" classname="Looking Vehicles of online MarketPlace" time="64.312">
    <system-out><![CDATA[
Scenario Outline: Customer can be Looked a car with successfully       &amp#27;[90m# src/test/resources/features/lookingVahiclesofOnlineMarketPlace.feature:47&amp#27;[0m
  &amp#27;[32mGiven &amp#27;[0m&amp#27;[32mI am on the homepage&amp#27;[0m                                           &amp#27;[90m# stepDefinitions.looking_car_wth_successfully.i_am_on_the_homepage()&amp#27;[0m
  &amp#27;[32mWhen &amp#27;[0m&amp#27;[32mSatisfy that homepage is visible&amp#27;[0m                                &amp#27;[90m# stepDefinitions.looking_car_wth_successfully.verify_that_homepage_is_visible()&amp#27;[0m
  &amp#27;[32mThen &amp#27;[0m&amp#27;[32mI enter &amp#27;[0m&amp#27;[32m&amp#27;[1m"car"&amp#27;[0m&amp#27;[32m in the search bar&amp#27;[0m                                 &amp#27;[90m# stepDefinitions.looking_car_wth_successfully.i_add_products_to_the_cart(java.lang.String)&amp#27;[0m
  &amp#27;[32mAnd &amp#27;[0m&amp#27;[32mI click the search button&amp#27;[0m                                        &amp#27;[90m# stepDefinitions.looking_car_wth_successfully.i_click_the_Cart_button()&amp#27;[0m
  &amp#27;[32mThen &amp#27;[0m&amp#27;[32mI should see search results related of car&amp#27;[0m                      &amp#27;[90m# stepDefinitions.looking_car_wth_successfully.iShouldSeeSearchResultsRelatedTo()&amp#27;[0m
  &amp#27;[32mAnd &amp#27;[0m&amp#27;[32mI click on Toyota Axio car name&amp#27;[0m                                  &amp#27;[90m# stepDefinitions.looking_car_wth_successfully.iClickOnToyotaAxioCarName()&amp#27;[0m
  &amp#27;[32mThen &amp#27;[0m&amp#27;[32mI should see the following information in the car details&amp#27;[0m       &amp#27;[90m# stepDefinitions.looking_car_wth_successfully.iShouldSeeTheFollowingInformationInTheCarDetails(io.cucumber.datatable.DataTable)&amp#27;[0m
    | name             | value        |
    | Condition        | New          |
    | Brand            | Toyota       |
    | Transmission     | Automatic    |
    | Edition          | 2020         |
    | EngineCapacityCC | 1500         |
    | ManufectureYear  | 2020         |
    | MileageKM        | 1000         |
    | RegistrationYear | 2022         |
    | BodyType         | Coupe/Sports |
    | FuelType         | Diesel       |
    | IsNegotiable     | No           |
  &amp#27;[32mAnd &amp#27;[0m&amp#27;[32mI click on the Signup Menu&amp#27;[0m                                       &amp#27;[90m# stepDefinitions.looking_car_wth_successfully.clickOnTheSignupMenu()&amp#27;[0m
  &amp#27;[32mThen &amp#27;[0m&amp#27;[32mI click on the General User of dropdown menu&amp#27;[0m                    &amp#27;[90m# stepDefinitions.looking_car_wth_successfully.clickOnTheGeneralUserOfDropdownMenu()&amp#27;[0m
  &amp#27;[32mAnd &amp#27;[0m&amp#27;[32mI should see the &amp#27;[0m&amp#27;[32m&amp#27;[1m"Sign Up General User"&amp#27;[0m&amp#27;[32m title on the signup page&amp#27;[0m &amp#27;[90m# stepDefinitions.looking_car_wth_successfully.shouldSeeTheTitleOnTheSignupPage(java.lang.String)&amp#27;[0m
  &amp#27;[32mAnd &amp#27;[0m&amp#27;[32mI fill out the signup form with data from &amp#27;[0m&amp#27;[32m&amp#27;[1m"bareegaree"&amp#27;[0m&amp#27;[32m and &amp#27;[0m&amp#27;[32m&amp#27;[1m0&amp#27;[0m     &amp#27;[90m# stepDefinitions.looking_car_wth_successfully.iFillOutTheSignupFormWithDataFromAndRowNumber(java.lang.String,int)&amp#27;[0m
  &amp#27;[32mAnd &amp#27;[0m&amp#27;[32mI fill first name&amp#27;[0m                                                &amp#27;[90m# stepDefinitions.looking_car_wth_successfully.iFillFirstName()&amp#27;[0m
  &amp#27;[32mAnd &amp#27;[0m&amp#27;[32mI fill last name&amp#27;[0m                                                 &amp#27;[90m# stepDefinitions.looking_car_wth_successfully.iFillLastName()&amp#27;[0m
  &amp#27;[32mThen &amp#27;[0m&amp#27;[32mI fill userName&amp#27;[0m                                                 &amp#27;[90m# stepDefinitions.looking_car_wth_successfully.iFillUserName()&amp#27;[0m
  &amp#27;[32mAnd &amp#27;[0m&amp#27;[32mI fill email&amp#27;[0m                                                     &amp#27;[90m# stepDefinitions.looking_car_wth_successfully.iFillEmail()&amp#27;[0m
  &amp#27;[32mAnd &amp#27;[0m&amp#27;[32mI fill mobile number&amp#27;[0m                                             &amp#27;[90m# stepDefinitions.looking_car_wth_successfully.iFillMobileNumber()&amp#27;[0m
  &amp#27;[32mAnd &amp#27;[0m&amp#27;[32mI fill whatsapp number&amp#27;[0m                                           &amp#27;[90m# stepDefinitions.looking_car_wth_successfully.iFillWhatsappNumber()&amp#27;[0m
  &amp#27;[32mAnd &amp#27;[0m&amp#27;[32mI select district name&amp#27;[0m                                           &amp#27;[90m# stepDefinitions.looking_car_wth_successfully.iSelectDistrictName()&amp#27;[0m
  &amp#27;[32mAnd &amp#27;[0m&amp#27;[32mI select thana name&amp#27;[0m                                              &amp#27;[90m# stepDefinitions.looking_car_wth_successfully.iSelectThanaName()&amp#27;[0m
  &amp#27;[32mAnd &amp#27;[0m&amp#27;[32mI fill password&amp#27;[0m                                                  &amp#27;[90m# stepDefinitions.looking_car_wth_successfully.iFillPassword()&amp#27;[0m
  &amp#27;[32mAnd &amp#27;[0m&amp#27;[32mI fill confirm password&amp#27;[0m                                          &amp#27;[90m# stepDefinitions.looking_car_wth_successfully.iFillConfirmPassword()&amp#27;[0m
  &amp#27;[32mAnd &amp#27;[0m&amp#27;[32mI agree with the terms and conditions&amp#27;[0m                            &amp#27;[90m# stepDefinitions.looking_car_wth_successfully.iAgreeWithTheTermsAndConditions()&amp#27;[0m
  &amp#27;[32mThen &amp#27;[0m&amp#27;[32mI click on the Sign Up button&amp#27;[0m                                   &amp#27;[90m# stepDefinitions.looking_car_wth_successfully.iClickOnTheSignUpButton()&amp#27;[0m
]]></system-out>
    <system-err><![CDATA[Apr 23, 2024 9:43:01 PM org.openqa.selenium.devtools.CdpVersionFinder findNearestMatch
WARNING: Unable to find an exact match for CDP version 124, returning the closest version; found: 123; Please update to a Selenium version that supports CDP version 124
]]></system-err>
  </testcase>
</testsuite>